Arguments: 
  C:\Program Files\nodejs\node.exe C:\Users\Giovanni\AppData\Roaming\npm\node_modules\yarn\bin\yarn.js

PATH: 
  C:\Users\Giovanni\bin;C:\Program Files\Git\mingw64\bin;C:\Program Files\Git\usr\local\bin;C:\Program Files\Git\usr\bin;C:\Program Files\Git\usr\bin;C:\Program Files\Git\mingw64\bin;C:\Program Files\Git\usr\bin;C:\Users\Giovanni\bin;C:\ProgramData\Oracle\Java\javapath;C:\Windows\system32;C:\Windows;C:\Windows\System32\Wbem;C:\Windows\System32\WindowsPowerShell\v1.0;C:\Windows\System32\OpenSSH;C:\Program Files\nodejs;C:\Program Files (x86)\Google\Cloud SDK\google-cloud-sdk\bin;C:\Program Files\Git\cmd;C:\Program Files\Docker\Docker\resources\bin;C:\ProgramData\DockerDesktop\version-bin;C:\Users\Giovanni\AppData\Local\Programs\Python\Python39\Scripts;C:\Users\Giovanni\AppData\Local\Programs\Python\Python39;C:\Users\Giovanni\AppData\Local\Microsoft\WindowsApps;C:\Users\Giovanni\AppData\Local\Programs\Microsoft VS Code\bin;C:\Users\Giovanni\AppData\Roaming\npm;C:\Program Files\Git\usr\bin\vendor_perl;C:\Program Files\Git\usr\bin\core_perl

Yarn version: 
  1.22.10

Node version: 
  14.16.1

Platform: 
  win32 x64

Trace: 
  Error: EBUSY: resource busy or locked, unlink 'C:\Users\Giovanni\Desktop\Estudos\Rentalx\node_modules\.bin\ts-node-dev'

npm manifest: 
  {
    "name": "Rentalx",
    "version": "1.0.0",
    "main": "index.js",
    "license": "MIT",
    "scripts": {
      "dev": "ts-node-dev --inspect --transpile-only --ignore-watch node_modules --respawn src/server.ts",
      "typeorm": "ts-node-dev ./node_modules/typeorm/cli"
    },
    "devDependencies": {
      "@types/bcrypt": "^3.0.1",
      "@types/csv-parse": "^1.2.2",
      "@types/express": "^4.17.11",
      "@types/multer": "^1.4.5",
      "@types/swagger-ui-express": "^4.1.2",
      "@types/uuid": "^8.3.0",
      "@typescript-eslint/eslint-plugin": "^4.22.0",
      "@typescript-eslint/parser": "^4.22.0",
      "eslint": "^7.25.0",
      "eslint-config-airbnb-base": "^14.2.1",
      "eslint-config-prettier": "^8.3.0",
      "eslint-import-resolver-typescript": "^2.4.0",
      "eslint-plugin-import": "^2.22.1",
      "eslint-plugin-import-helpers": "^1.1.0",
      "eslint-plugin-prettier": "^3.4.0",
      "prettier": "^2.2.1",
      "ts-node-dev": "^1.1.6",
      "typescript": "^4.2.4"
    },
    "dependencies": {
      "bcrypt": "^5.0.1",
      "csv-parse": "^4.15.4",
      "express": "^4.17.1",
      "multer": "^1.4.2",
      "pg": "^8.6.0",
      "reflect-metadata": "^0.1.13",
      "swagger-ui-express": "^4.1.6",
      "tsyringe": "^4.5.0",
      "typeorm": "^0.2.32",
      "uuid": "^8.3.2"
    }
  }

yarn manifest: 
  No manifest

Lockfile: 
  No lockfile
